Using pre-set license
Built from '2020.3/staging' branch; Version is '2020.3.25f1 (9b9180224418) revision 10195328'; Using compiler version '192528614'; Build Type 'Release'
OS: 'Windows 11  (10.0.22000) 64bit CoreSingleLanguage' Language: 'en' Physical Memory: 6074 MB
BatchMode: 1, IsHumanControllingUs: 0, StartBugReporterOnCrash: 0, Is64bit: 1, IsPro: 0

COMMAND LINE ARGUMENTS:
D:\Unity\UnityApp\2020.3.25f1\Editor\Unity.exe
-adb2
-batchMode
-noUpm
-name
AssetImportWorker0
-projectPath
D:/Unity/UnityApp/2020.3.25f1/Editor/Unity-HumanOrgans/Human Organs
-logFile
Logs/AssetImportWorker0.log
-srvPort
50857
Successfully changed project path to: D:/Unity/UnityApp/2020.3.25f1/Editor/Unity-HumanOrgans/Human Organs
D:/Unity/UnityApp/2020.3.25f1/Editor/Unity-HumanOrgans/Human Organs
Using Asset Import Pipeline V2.
Refreshing native plugins compatible for Editor in 80.57 ms, found 9 plugins.
Preloading 1 native plugins for Editor in 1.41 ms.
Initialize engine version: 2020.3.25f1 (9b9180224418)
[Subsystems] Discovering subsystems at path D:/Unity/UnityApp/2020.3.25f1/Editor/Data/Resources/UnitySubsystems
[Subsystems] Discovering subsystems at path D:/Unity/UnityApp/2020.3.25f1/Editor/Unity-HumanOrgans/Human Organs/Assets
GfxDevice: creating device client; threaded=0
Direct3D:
    Version:  Direct3D 11.0 [level 11.1]
    Renderer: NVIDIA GeForce GTX 1650 (ID=0x1f0a)
    Vendor:   
    VRAM:     3961 MB
    Driver:   30.0.15.1165
Initialize mono
Mono path[0] = 'D:/Unity/UnityApp/2020.3.25f1/Editor/Data/Managed'
Mono path[1] = 'D:/Unity/UnityApp/2020.3.25f1/Editor/Data/MonoBleedingEdge/lib/mono/unityjit'
Mono config path = 'D:/Unity/UnityApp/2020.3.25f1/Editor/Data/MonoBleedingEdge/etc'
Using monoOptions --debugger-agent=transport=dt_socket,embedding=1,server=y,suspend=n,address=127.0.0.1:56640
Begin MonoManager ReloadAssembly
Registering precompiled unity dll's ...
Register platform support module: D:/Unity/UnityApp/2020.3.25f1/Editor/Data/PlaybackEngines/WindowsStandaloneSupport/UnityEditor.WindowsStandalone.Extensions.dll
Registered in 0.001157 seconds.
Native extension for WindowsStandalone target not found
Refreshing native plugins compatible for Editor in 58.77 ms, found 9 plugins.
Preloading 1 native plugins for Editor in 0.09 ms.
Mono: successfully reloaded assembly
- Completed reload, in  0.792 seconds
Domain Reload Profiling:
	ReloadAssembly (792ms)
		BeginReloadAssembly (74ms)
			ExecutionOrderSort (0ms)
			DisableScriptedObjects (0ms)
			BackupInstance (0ms)
			ReleaseScriptingObjects (0ms)
			CreateAndSetChildDomain (1ms)
		EndReloadAssembly (630ms)
			LoadAssemblies (75ms)
			RebuildTransferFunctionScriptingTraits (0ms)
			SetupTypeCache (209ms)
			ReleaseScriptCaches (0ms)
			RebuildScriptCaches (31ms)
			SetupLoadedEditorAssemblies (237ms)
				LogAssemblyErrors (0ms)
				InitializePlatformSupportModulesInManaged (5ms)
				SetLoadedEditorAssemblies (0ms)
				RefreshPlugins (59ms)
				BeforeProcessingInitializeOnLoad (17ms)
				ProcessInitializeOnLoadAttributes (115ms)
				ProcessInitializeOnLoadMethodAttributes (40ms)
				AfterProcessingInitializeOnLoad (0ms)
				EditorAssembliesLoaded (0ms)
			ExecutionOrderSort2 (0ms)
			AwakeInstancesAfterBackupRestoration (0ms)
Platform modules already initialized, skipping
Registering precompiled user dll's ...
Registered in 0.008110 seconds.
Begin MonoManager ReloadAssembly
Native extension for WindowsStandalone target not found
Refreshing native plugins compatible for Editor in 64.44 ms, found 9 plugins.
Preloading 1 native plugins for Editor in 0.09 ms.
Mono: successfully reloaded assembly
- Completed reload, in  1.512 seconds
Domain Reload Profiling:
	ReloadAssembly (1513ms)
		BeginReloadAssembly (190ms)
			ExecutionOrderSort (0ms)
			DisableScriptedObjects (5ms)
			BackupInstance (0ms)
			ReleaseScriptingObjects (0ms)
			CreateAndSetChildDomain (24ms)
		EndReloadAssembly (1247ms)
			LoadAssemblies (131ms)
			RebuildTransferFunctionScriptingTraits (0ms)
			SetupTypeCache (429ms)
			ReleaseScriptCaches (1ms)
			RebuildScriptCaches (59ms)
			SetupLoadedEditorAssemblies (468ms)
				LogAssemblyErrors (0ms)
				InitializePlatformSupportModulesInManaged (4ms)
				SetLoadedEditorAssemblies (0ms)
				RefreshPlugins (65ms)
				BeforeProcessingInitializeOnLoad (113ms)
				ProcessInitializeOnLoadAttributes (267ms)
				ProcessInitializeOnLoadMethodAttributes (16ms)
				AfterProcessingInitializeOnLoad (2ms)
				EditorAssembliesLoaded (0ms)
			ExecutionOrderSort2 (0ms)
			AwakeInstancesAfterBackupRestoration (9ms)
Platform modules already initialized, skipping
========================================================================
Worker process is ready to serve import requests
Launched and connected shader compiler UnityShaderCompiler.exe after 0.10 seconds
Refreshing native plugins compatible for Editor in 0.77 ms, found 9 plugins.
Preloading 1 native plugins for Editor in 0.08 ms.
Unloading 2352 Unused Serialized files (Serialized files now loaded: 0)
System memory in use before: 94.4 MB.
System memory in use after: 94.5 MB.

Unloading 22 unused Assets to reduce memory usage. Loaded Objects now: 2785.
Total: 3.979800 ms (FindLiveObjects: 0.263500 ms CreateObjectMapping: 0.072900 ms MarkObjects: 3.543600 ms  DeleteObjects: 0.098300 ms)

AssetImportParameters requested are different than current active one (requested -> active):
  custom:framework-win-MediaFoundation: 216162199b28c13a410421893ffa2e32 -> 
  custom:video-decoder-ogg-theora: a1e56fd34408186e4bbccfd4996cb3dc -> 
  custom:container-muxer-webm: aa71ff27fc2769a1b78a27578f13a17b -> 
  custom:container-demuxer-webm: 4f35f7cbe854078d1ac9338744f61a02 -> 
  custom:container-demuxer-ogg: 62fdf1f143b41e24485cea50d1cbac27 -> 
  custom:video-encoder-webm-vp8: eb34c28f22e8b96e1ab97ce403110664 -> 
  custom:video-codec-MediaFoundation-h265: 746d11721c4dcdbdad8f713fa42b33f4 -> 
  custom:video-decoder-webm-vp8: 9c59270c3fd7afecdb556c50c9e8de78 -> 
  custom:audio-decoder-ogg-vorbis: bf7c407c2cedff20999df2af8eb42d56 -> 
  custom:audio-encoder-webm-vorbis: bf7c407c2cedff20999df2af8eb42d56 -> 
========================================================================
Received Import Request.
  path: Assets/Prefabs/Brain/BrainPrefab.prefab
  artifactKey: Guid(4798a78cba040044cba9c629ebe89424) Importer(815301076,1909f56bfc062723c751e8b465ee728b)
Start importing Assets/Prefabs/Brain/BrainPrefab.prefab using Guid(4798a78cba040044cba9c629ebe89424) Importer(815301076,1909f56bfc062723c751e8b465ee728b)  -> (artifact id: '5a4e6ae632e1a73b0af085e3d176ed4d') in 0.246812 seconds 
  Import took 0.272823 seconds .

========================================================================
Received Prepare
Refreshing native plugins compatible for Editor in 191.04 ms, found 9 plugins.
Preloading 1 native plugins for Editor in 0.09 ms.
Unloading 14 Unused Serialized files (Serialized files now loaded: 0)
System memory in use before: 51.1 MB.
System memory in use after: 51.3 MB.

Unloading 14 unused Assets to reduce memory usage. Loaded Objects now: 2793.
Total: 7.543100 ms (FindLiveObjects: 0.246400 ms CreateObjectMapping: 0.071900 ms MarkObjects: 7.176900 ms  DeleteObjects: 0.045100 ms)

AssetImportParameters requested are different than current active one (requested -> active):
  custom:framework-win-MediaFoundation: 216162199b28c13a410421893ffa2e32 -> 
  custom:video-decoder-ogg-theora: a1e56fd34408186e4bbccfd4996cb3dc -> 
  custom:container-muxer-webm: aa71ff27fc2769a1b78a27578f13a17b -> 
  custom:container-demuxer-webm: 4f35f7cbe854078d1ac9338744f61a02 -> 
  custom:container-demuxer-ogg: 62fdf1f143b41e24485cea50d1cbac27 -> 
  custom:video-encoder-webm-vp8: eb34c28f22e8b96e1ab97ce403110664 -> 
  custom:video-codec-MediaFoundation-h265: 746d11721c4dcdbdad8f713fa42b33f4 -> 
  custom:video-decoder-webm-vp8: 9c59270c3fd7afecdb556c50c9e8de78 -> 
  custom:audio-decoder-ogg-vorbis: bf7c407c2cedff20999df2af8eb42d56 -> 
  custom:audio-encoder-webm-vorbis: bf7c407c2cedff20999df2af8eb42d56 -> 
========================================================================
Received Import Request.
  Time since last request: 355.532716 seconds.
  path: Assets/Prefabs/Brain/BrainPrefab.prefab
  artifactKey: Guid(4798a78cba040044cba9c629ebe89424) Importer(815301076,1909f56bfc062723c751e8b465ee728b)
Start importing Assets/Prefabs/Brain/BrainPrefab.prefab using Guid(4798a78cba040044cba9c629ebe89424) Importer(815301076,1909f56bfc062723c751e8b465ee728b)  -> (artifact id: '4cc6d817eee143d806bdf9c52c0fe442') in 0.498101 seconds 
  Import took 0.584302 seconds .

========================================================================
Received Import Request.
  Time since last request: 7.003563 seconds.
  path: Assets/Prefabs/Brain/BrainPrefab.prefab
  artifactKey: Guid(4798a78cba040044cba9c629ebe89424) Importer(815301076,1909f56bfc062723c751e8b465ee728b)
Start importing Assets/Prefabs/Brain/BrainPrefab.prefab using Guid(4798a78cba040044cba9c629ebe89424) Importer(815301076,1909f56bfc062723c751e8b465ee728b)  -> (artifact id: 'dc2b0d9d550efc6d1804d2590aff636b') in 0.046706 seconds 
  Import took 0.061613 seconds .

========================================================================
Received Import Request.
  Time since last request: 7.523955 seconds.
  path: Assets/Prefabs/Brain/BrainPrefab.prefab
  artifactKey: Guid(4798a78cba040044cba9c629ebe89424) Importer(815301076,1909f56bfc062723c751e8b465ee728b)
Start importing Assets/Prefabs/Brain/BrainPrefab.prefab using Guid(4798a78cba040044cba9c629ebe89424) Importer(815301076,1909f56bfc062723c751e8b465ee728b)  -> (artifact id: '5071293f07cd7207dfc682c9592b2365') in 0.068663 seconds 
  Import took 0.117378 seconds .

========================================================================
Received Import Request.
  Time since last request: 3.101338 seconds.
  path: Assets/Prefabs/Brain/BrainPrefab.prefab
  artifactKey: Guid(4798a78cba040044cba9c629ebe89424) Importer(815301076,1909f56bfc062723c751e8b465ee728b)
Start importing Assets/Prefabs/Brain/BrainPrefab.prefab using Guid(4798a78cba040044cba9c629ebe89424) Importer(815301076,1909f56bfc062723c751e8b465ee728b)  -> (artifact id: 'fc99329d554ed418b7ea8ab4ecd04ee6') in 0.070307 seconds 
  Import took 0.085251 seconds .

========================================================================
Received Import Request.
  Time since last request: 3.975547 seconds.
  path: Assets/Prefabs/Brain/BrainPrefab.prefab
  artifactKey: Guid(4798a78cba040044cba9c629ebe89424) Importer(815301076,1909f56bfc062723c751e8b465ee728b)
Start importing Assets/Prefabs/Brain/BrainPrefab.prefab using Guid(4798a78cba040044cba9c629ebe89424) Importer(815301076,1909f56bfc062723c751e8b465ee728b)  -> (artifact id: 'd0d9c40be935ec21b577efc0ad076fb0') in 0.039126 seconds 
  Import took 0.045260 seconds .

========================================================================
Received Import Request.
  Time since last request: 2.784873 seconds.
  path: Assets/Prefabs/Brain/BrainPrefab.prefab
  artifactKey: Guid(4798a78cba040044cba9c629ebe89424) Importer(815301076,1909f56bfc062723c751e8b465ee728b)
Start importing Assets/Prefabs/Brain/BrainPrefab.prefab using Guid(4798a78cba040044cba9c629ebe89424) Importer(815301076,1909f56bfc062723c751e8b465ee728b)  -> (artifact id: '3b6f77bad4df7811415adc63dc3557b3') in 0.034730 seconds 
  Import took 0.053761 seconds .

========================================================================
Received Prepare
Refreshing native plugins compatible for Editor in 193.16 ms, found 9 plugins.
Preloading 1 native plugins for Editor in 0.10 ms.
Unloading 13 Unused Serialized files (Serialized files now loaded: 0)
System memory in use before: 51.1 MB.
System memory in use after: 51.3 MB.

Unloading 14 unused Assets to reduce memory usage. Loaded Objects now: 2793.
Total: 15.292000 ms (FindLiveObjects: 0.249400 ms CreateObjectMapping: 0.063300 ms MarkObjects: 14.948100 ms  DeleteObjects: 0.029700 ms)

AssetImportParameters requested are different than current active one (requested -> active):
  custom:framework-win-MediaFoundation: 216162199b28c13a410421893ffa2e32 -> 
  custom:video-decoder-ogg-theora: a1e56fd34408186e4bbccfd4996cb3dc -> 
  custom:container-muxer-webm: aa71ff27fc2769a1b78a27578f13a17b -> 
  custom:container-demuxer-webm: 4f35f7cbe854078d1ac9338744f61a02 -> 
  custom:container-demuxer-ogg: 62fdf1f143b41e24485cea50d1cbac27 -> 
  custom:video-encoder-webm-vp8: eb34c28f22e8b96e1ab97ce403110664 -> 
  custom:video-codec-MediaFoundation-h265: 746d11721c4dcdbdad8f713fa42b33f4 -> 
  custom:video-decoder-webm-vp8: 9c59270c3fd7afecdb556c50c9e8de78 -> 
  custom:audio-decoder-ogg-vorbis: bf7c407c2cedff20999df2af8eb42d56 -> 
  custom:audio-encoder-webm-vorbis: bf7c407c2cedff20999df2af8eb42d56 -> 
========================================================================
Received Import Request.
  Time since last request: 545.273558 seconds.
  path: Assets/Prefabs/Brain/BrainPrefab.prefab
  artifactKey: Guid(4798a78cba040044cba9c629ebe89424) Importer(815301076,1909f56bfc062723c751e8b465ee728b)
Start importing Assets/Prefabs/Brain/BrainPrefab.prefab using Guid(4798a78cba040044cba9c629ebe89424) Importer(815301076,1909f56bfc062723c751e8b465ee728b)  -> (artifact id: '36b3e56e059b69f612943b4195e98fcd') in 0.268002 seconds 
  Import took 0.319890 seconds .

========================================================================
Received Import Request.
  Time since last request: 11.533566 seconds.
  path: Assets/Prefabs/Brain/BrainPrefab.prefab
  artifactKey: Guid(4798a78cba040044cba9c629ebe89424) Importer(815301076,1909f56bfc062723c751e8b465ee728b)
Start importing Assets/Prefabs/Brain/BrainPrefab.prefab using Guid(4798a78cba040044cba9c629ebe89424) Importer(815301076,1909f56bfc062723c751e8b465ee728b)  -> (artifact id: '98f20903b4015d13df28f448e162528c') in 0.038842 seconds 
  Import took 0.066856 seconds .

========================================================================
Received Import Request.
  Time since last request: 1.134479 seconds.
  path: Assets/Prefabs/Brain/BrainPrefab.prefab
  artifactKey: Guid(4798a78cba040044cba9c629ebe89424) Importer(815301076,1909f56bfc062723c751e8b465ee728b)
Start importing Assets/Prefabs/Brain/BrainPrefab.prefab using Guid(4798a78cba040044cba9c629ebe89424) Importer(815301076,1909f56bfc062723c751e8b465ee728b)  -> (artifact id: 'e3550e0e23bd0d1942eefb7364cc6f16') in 0.034740 seconds 
  Import took 0.056211 seconds .

========================================================================
Received Import Request.
  Time since last request: 3.637542 seconds.
  path: Assets/Prefabs/Brain/BrainPrefab.prefab
  artifactKey: Guid(4798a78cba040044cba9c629ebe89424) Importer(815301076,1909f56bfc062723c751e8b465ee728b)
Start importing Assets/Prefabs/Brain/BrainPrefab.prefab using Guid(4798a78cba040044cba9c629ebe89424) Importer(815301076,1909f56bfc062723c751e8b465ee728b)  -> (artifact id: '927b9d6d926c168449a90f3b58e09165') in 0.049854 seconds 
  Import took 0.080118 seconds .

========================================================================
Received Import Request.
  Time since last request: 3.007035 seconds.
  path: Assets/Prefabs/Brain/BrainPrefab.prefab
  artifactKey: Guid(4798a78cba040044cba9c629ebe89424) Importer(815301076,1909f56bfc062723c751e8b465ee728b)
Start importing Assets/Prefabs/Brain/BrainPrefab.prefab using Guid(4798a78cba040044cba9c629ebe89424) Importer(815301076,1909f56bfc062723c751e8b465ee728b)  -> (artifact id: 'a3a09129076074fffeb778426b95e7de') in 0.051397 seconds 
  Import took 0.067714 seconds .

========================================================================
Received Import Request.
  Time since last request: 1.169061 seconds.
  path: Assets/Prefabs/Brain/BrainPrefab.prefab
  artifactKey: Guid(4798a78cba040044cba9c629ebe89424) Importer(815301076,1909f56bfc062723c751e8b465ee728b)
Start importing Assets/Prefabs/Brain/BrainPrefab.prefab using Guid(4798a78cba040044cba9c629ebe89424) Importer(815301076,1909f56bfc062723c751e8b465ee728b)  -> (artifact id: 'b877e977f8f7d54b9820529bd5df73df') in 0.032739 seconds 
  Import took 0.055273 seconds .

========================================================================
Received Import Request.
  Time since last request: 3.611964 seconds.
  path: Assets/Prefabs/Brain/BrainPrefab.prefab
  artifactKey: Guid(4798a78cba040044cba9c629ebe89424) Importer(815301076,1909f56bfc062723c751e8b465ee728b)
Start importing Assets/Prefabs/Brain/BrainPrefab.prefab using Guid(4798a78cba040044cba9c629ebe89424) Importer(815301076,1909f56bfc062723c751e8b465ee728b)  -> (artifact id: 'b817aa1797754a48f1c84b9d71398cda') in 0.034838 seconds 
  Import took 0.051481 seconds .

========================================================================
Received Import Request.
  Time since last request: 1.972315 seconds.
  path: Assets/Prefabs/Brain/BrainPrefab.prefab
  artifactKey: Guid(4798a78cba040044cba9c629ebe89424) Importer(815301076,1909f56bfc062723c751e8b465ee728b)
Start importing Assets/Prefabs/Brain/BrainPrefab.prefab using Guid(4798a78cba040044cba9c629ebe89424) Importer(815301076,1909f56bfc062723c751e8b465ee728b)  -> (artifact id: 'd7750bc5e5368d496213e1a4539a850e') in 0.042367 seconds 
  Import took 0.064838 seconds .

========================================================================
Received Import Request.
  Time since last request: 0.784434 seconds.
  path: Assets/Prefabs/Brain/BrainPrefab.prefab
  artifactKey: Guid(4798a78cba040044cba9c629ebe89424) Importer(815301076,1909f56bfc062723c751e8b465ee728b)
Start importing Assets/Prefabs/Brain/BrainPrefab.prefab using Guid(4798a78cba040044cba9c629ebe89424) Importer(815301076,1909f56bfc062723c751e8b465ee728b)  -> (artifact id: '257f8b767adb11118661defb2e81105d') in 0.050692 seconds 
  Import took 0.076502 seconds .

========================================================================
Received Import Request.
  Time since last request: 27.228159 seconds.
  path: Assets/Prefabs/Heart/Heart.prefab
  artifactKey: Guid(6acf6e9783de1aa45893cb6afd3ee39d) Importer(815301076,1909f56bfc062723c751e8b465ee728b)
Start importing Assets/Prefabs/Heart/Heart.prefab using Guid(6acf6e9783de1aa45893cb6afd3ee39d) Importer(815301076,1909f56bfc062723c751e8b465ee728b)  -> (artifact id: '927651d547b168e1ea2a037ee388d8b7') in 0.096613 seconds 
  Import took 0.104817 seconds .

========================================================================
Received Import Request.
  Time since last request: 0.892493 seconds.
  path: Assets/Prefabs/Heart/Heart.prefab
  artifactKey: Guid(6acf6e9783de1aa45893cb6afd3ee39d) Importer(815301076,1909f56bfc062723c751e8b465ee728b)
Start importing Assets/Prefabs/Heart/Heart.prefab using Guid(6acf6e9783de1aa45893cb6afd3ee39d) Importer(815301076,1909f56bfc062723c751e8b465ee728b)  -> (artifact id: '1e9a815871f7a6d8a6ab951d9c9696ad') in 0.047121 seconds 
  Import took 0.068966 seconds .

========================================================================
Received Import Request.
  Time since last request: 4.814918 seconds.
  path: Assets/Prefabs/Heart/Heart.prefab
  artifactKey: Guid(6acf6e9783de1aa45893cb6afd3ee39d) Importer(815301076,1909f56bfc062723c751e8b465ee728b)
Start importing Assets/Prefabs/Heart/Heart.prefab using Guid(6acf6e9783de1aa45893cb6afd3ee39d) Importer(815301076,1909f56bfc062723c751e8b465ee728b)  -> (artifact id: 'fb5c570d78bd90a1dc274cf05a50a674') in 0.028902 seconds 
  Import took 0.042361 seconds .

========================================================================
Received Import Request.
  Time since last request: 2.486718 seconds.
  path: Assets/Prefabs/Heart/Heart.prefab
  artifactKey: Guid(6acf6e9783de1aa45893cb6afd3ee39d) Importer(815301076,1909f56bfc062723c751e8b465ee728b)
Start importing Assets/Prefabs/Heart/Heart.prefab using Guid(6acf6e9783de1aa45893cb6afd3ee39d) Importer(815301076,1909f56bfc062723c751e8b465ee728b)  -> (artifact id: 'ad4875ef898f0332d11c12ee453798b8') in 0.034675 seconds 
  Import took 0.056688 seconds .

========================================================================
Received Import Request.
  Time since last request: 2.187649 seconds.
  path: Assets/Prefabs/Heart/Heart.prefab
  artifactKey: Guid(6acf6e9783de1aa45893cb6afd3ee39d) Importer(815301076,1909f56bfc062723c751e8b465ee728b)
Start importing Assets/Prefabs/Heart/Heart.prefab using Guid(6acf6e9783de1aa45893cb6afd3ee39d) Importer(815301076,1909f56bfc062723c751e8b465ee728b)  -> (artifact id: '3ba49072f81213982a6b769530281b1b') in 0.039691 seconds 
  Import took 0.058769 seconds .

========================================================================
Received Import Request.
  Time since last request: 0.756013 seconds.
  path: Assets/Prefabs/Heart/Heart.prefab
  artifactKey: Guid(6acf6e9783de1aa45893cb6afd3ee39d) Importer(815301076,1909f56bfc062723c751e8b465ee728b)
Start importing Assets/Prefabs/Heart/Heart.prefab using Guid(6acf6e9783de1aa45893cb6afd3ee39d) Importer(815301076,1909f56bfc062723c751e8b465ee728b)  -> (artifact id: '8069f39e07486fefbaf2b37462bfb073') in 0.038233 seconds 
  Import took 0.047069 seconds .

========================================================================
Received Import Request.
  Time since last request: 2.045978 seconds.
  path: Assets/Prefabs/Heart/Heart.prefab
  artifactKey: Guid(6acf6e9783de1aa45893cb6afd3ee39d) Importer(815301076,1909f56bfc062723c751e8b465ee728b)
Start importing Assets/Prefabs/Heart/Heart.prefab using Guid(6acf6e9783de1aa45893cb6afd3ee39d) Importer(815301076,1909f56bfc062723c751e8b465ee728b)  -> (artifact id: '3d9142672bbd700fc592cfc4398da04c') in 0.028320 seconds 
  Import took 0.048850 seconds .

========================================================================
Received Import Request.
  Time since last request: 16.324844 seconds.
  path: Assets/Prefabs/Lungs/Lung.prefab
  artifactKey: Guid(6ff94a9b8a616764ab4f4e193e9807bb) Importer(815301076,1909f56bfc062723c751e8b465ee728b)
Start importing Assets/Prefabs/Lungs/Lung.prefab using Guid(6ff94a9b8a616764ab4f4e193e9807bb) Importer(815301076,1909f56bfc062723c751e8b465ee728b)  -> (artifact id: 'a3af013881af06ebd111c7cf0a92281f') in 0.066526 seconds 
  Import took 0.073667 seconds .

========================================================================
Received Import Request.
  Time since last request: 1.506280 seconds.
  path: Assets/Prefabs/Lungs/Lung.prefab
  artifactKey: Guid(6ff94a9b8a616764ab4f4e193e9807bb) Importer(815301076,1909f56bfc062723c751e8b465ee728b)
Start importing Assets/Prefabs/Lungs/Lung.prefab using Guid(6ff94a9b8a616764ab4f4e193e9807bb) Importer(815301076,1909f56bfc062723c751e8b465ee728b)  -> (artifact id: 'e70a60fd6cdfa7193cffeac879b0580b') in 0.035268 seconds 
  Import took 0.057073 seconds .

========================================================================
Received Import Request.
  Time since last request: 4.396716 seconds.
  path: Assets/Prefabs/Lungs/Lung.prefab
  artifactKey: Guid(6ff94a9b8a616764ab4f4e193e9807bb) Importer(815301076,1909f56bfc062723c751e8b465ee728b)
Start importing Assets/Prefabs/Lungs/Lung.prefab using Guid(6ff94a9b8a616764ab4f4e193e9807bb) Importer(815301076,1909f56bfc062723c751e8b465ee728b)  -> (artifact id: 'd1ea0830e8697b4d033cab7ee19e4fc3') in 0.037489 seconds 
  Import took 0.048761 seconds .

========================================================================
Received Import Request.
  Time since last request: 2.454263 seconds.
  path: Assets/Prefabs/Lungs/Lung.prefab
  artifactKey: Guid(6ff94a9b8a616764ab4f4e193e9807bb) Importer(815301076,1909f56bfc062723c751e8b465ee728b)
Start importing Assets/Prefabs/Lungs/Lung.prefab using Guid(6ff94a9b8a616764ab4f4e193e9807bb) Importer(815301076,1909f56bfc062723c751e8b465ee728b)  -> (artifact id: 'ed6723174bee144af83aa5ed438b00fe') in 0.040887 seconds 
  Import took 0.064832 seconds .

========================================================================
Received Import Request.
  Time since last request: 2.448244 seconds.
  path: Assets/Prefabs/Lungs/Lung.prefab
  artifactKey: Guid(6ff94a9b8a616764ab4f4e193e9807bb) Importer(815301076,1909f56bfc062723c751e8b465ee728b)
Start importing Assets/Prefabs/Lungs/Lung.prefab using Guid(6ff94a9b8a616764ab4f4e193e9807bb) Importer(815301076,1909f56bfc062723c751e8b465ee728b)  -> (artifact id: 'a79071e2d5acd20e6acd6d817bfb6d84') in 0.051826 seconds 
  Import took 0.078578 seconds .

========================================================================
Received Import Request.
  Time since last request: 1.135084 seconds.
  path: Assets/Prefabs/Lungs/Lung.prefab
  artifactKey: Guid(6ff94a9b8a616764ab4f4e193e9807bb) Importer(815301076,1909f56bfc062723c751e8b465ee728b)
Start importing Assets/Prefabs/Lungs/Lung.prefab using Guid(6ff94a9b8a616764ab4f4e193e9807bb) Importer(815301076,1909f56bfc062723c751e8b465ee728b)  -> (artifact id: '23b48b67fca64e2478bb58f5fc4e2095') in 0.031470 seconds 
  Import took 0.036796 seconds .

========================================================================
Received Import Request.
  Time since last request: 2.213313 seconds.
  path: Assets/Prefabs/Lungs/Lung.prefab
  artifactKey: Guid(6ff94a9b8a616764ab4f4e193e9807bb) Importer(815301076,1909f56bfc062723c751e8b465ee728b)
Start importing Assets/Prefabs/Lungs/Lung.prefab using Guid(6ff94a9b8a616764ab4f4e193e9807bb) Importer(815301076,1909f56bfc062723c751e8b465ee728b)  -> (artifact id: '6b6c828c2cb49bbdbe2c447617c2b0c7') in 0.040675 seconds 
  Import took 0.064599 seconds .

========================================================================
Received Import Request.
  Time since last request: 3.382722 seconds.
  path: Assets/Prefabs/Lungs/Lung.prefab
  artifactKey: Guid(6ff94a9b8a616764ab4f4e193e9807bb) Importer(815301076,1909f56bfc062723c751e8b465ee728b)
Start importing Assets/Prefabs/Lungs/Lung.prefab using Guid(6ff94a9b8a616764ab4f4e193e9807bb) Importer(815301076,1909f56bfc062723c751e8b465ee728b)  -> (artifact id: 'deea81bfad113eaa7d7b6297dbf9f746') in 0.028438 seconds 
  Import took 0.055845 seconds .

========================================================================
Received Import Request.
  Time since last request: 1.375649 seconds.
  path: Assets/Prefabs/Lungs/Lung.prefab
  artifactKey: Guid(6ff94a9b8a616764ab4f4e193e9807bb) Importer(815301076,1909f56bfc062723c751e8b465ee728b)
Start importing Assets/Prefabs/Lungs/Lung.prefab using Guid(6ff94a9b8a616764ab4f4e193e9807bb) Importer(815301076,1909f56bfc062723c751e8b465ee728b)  -> (artifact id: 'ae7b69f6fed384cddb633f7365149add') in 0.042737 seconds 
  Import took 0.052577 seconds .

========================================================================
Received Prepare
Refreshing native plugins compatible for Editor in 5.73 ms, found 9 plugins.
Preloading 1 native plugins for Editor in 0.08 ms.
Unloading 13 Unused Serialized files (Serialized files now loaded: 0)
System memory in use before: 51.4 MB.
System memory in use after: 51.7 MB.

Unloading 14 unused Assets to reduce memory usage. Loaded Objects now: 2793.
Total: 28.894900 ms (FindLiveObjects: 0.302700 ms CreateObjectMapping: 0.078900 ms MarkObjects: 28.480400 ms  DeleteObjects: 0.031400 ms)

AssetImportParameters requested are different than current active one (requested -> active):
  custom:framework-win-MediaFoundation: 216162199b28c13a410421893ffa2e32 -> 
  custom:video-decoder-ogg-theora: a1e56fd34408186e4bbccfd4996cb3dc -> 
  custom:container-muxer-webm: aa71ff27fc2769a1b78a27578f13a17b -> 
  custom:container-demuxer-webm: 4f35f7cbe854078d1ac9338744f61a02 -> 
  custom:container-demuxer-ogg: 62fdf1f143b41e24485cea50d1cbac27 -> 
  custom:video-encoder-webm-vp8: eb34c28f22e8b96e1ab97ce403110664 -> 
  custom:video-codec-MediaFoundation-h265: 746d11721c4dcdbdad8f713fa42b33f4 -> 
  custom:video-decoder-webm-vp8: 9c59270c3fd7afecdb556c50c9e8de78 -> 
  custom:audio-decoder-ogg-vorbis: bf7c407c2cedff20999df2af8eb42d56 -> 
  custom:audio-encoder-webm-vorbis: bf7c407c2cedff20999df2af8eb42d56 -> 
AssetImportWorkerClient::OnTransportError - code=2 error=End of file
